[    0.000000] Linux version 4.15.0-45-generic (buildd@lgw01-amd64-031) (gcc version 7.3.0 (Ubuntu 7.3.0-16ubuntu3)) #48-Ubuntu SMP Tue Jan 29 16:28:13 UTC 2019 (Ubuntu 4.15.0-45.48-generic 4.15.18)
[    0.000000] Command line: BOOT_IMAGE=/boot/vmlinuz-4.15.0-45-generic root=LABEL=cloudimg-rootfs ro console=tty1 console=ttyS0
[    0.000000] KERNEL supported cpus:
[    0.000000]   Intel GenuineIntel
[    0.000000]   AMD AuthenticAMD
[    0.000000]   Centaur CentaurHauls
[    0.000000] x86/fpu: Supporting XSAVE feature 0x001: 'x87 floating point registers'
[    0.000000] x86/fpu: Supporting XSAVE feature 0x002: 'SSE registers'
[    0.000000] x86/fpu: Supporting XSAVE feature 0x004: 'AVX registers'
[    0.000000] x86/fpu: xstate_offset[2]:  576, xstate_sizes[2]:  256
[    0.000000] x86/fpu: Enabled xstate features 0x7, context size is 832 bytes, using 'standard' format.
[    0.000000] e820: BIOS-provided physical RAM map:
[    0.000000] BIOS-e820: [mem 0x0000000000000000-0x000000000009fbff] usable
[    0.000000] BIOS-e820: [mem 0x000000000009fc00-0x000000000009ffff] reserved
[    0.000000] BIOS-e820: [mem 0x00000000000f0000-0x00000000000fffff] reserved
[    0.000000] BIOS-e820: [mem 0x0000000000100000-0x000000007ffeffff] usable
[    0.000000] BIOS-e820: [mem 0x000000007fff0000-0x000000007fffffff] ACPI data
[    0.000000] BIOS-e820: [mem 0x00000000fec00000-0x00000000fec00fff] reserved
[    0.000000] BIOS-e820: [mem 0x00000000fee00000-0x00000000fee00fff] reserved
[    0.000000] BIOS-e820: [mem 0x00000000fffc0000-0x00000000ffffffff] reserved
[    0.000000] NX (Execute Disable) protection: active
[    0.000000] SMBIOS 2.5 present.
[    0.000000] DMI: innotek GmbH VirtualBox/VirtualBox, BIOS VirtualBox 12/01/2006
[    0.000000] Hypervisor detected: KVM
[    0.000000] e820: last_pfn = 0x7fff0 max_arch_pfn = 0x400000000
[    0.000000] MTRR: Disabled
[    0.000000] x86/PAT: MTRRs disabled, skipping PAT initialization too.
[    0.000000] CPU MTRRs all blank - virtualized system.
[    0.000000] x86/PAT: Configuration [0-7]: WB  WT  UC- UC  WB  WT  UC- UC  
[    0.000000] found SMP MP-table at [mem 0x0009fff0-0x0009ffff] mapped at [        (ptrval)]
[    0.000000] Scanning 1 areas for low memory corruption
[    0.000000] RAMDISK: [mem 0x35adf000-0x36d66fff]
[    0.000000] ACPI: Early table checksum verification disabled
[    0.000000] ACPI: RSDP 0x00000000000E0000 000024 (v02 VBOX  )
[    0.000000] ACPI: XSDT 0x000000007FFF0030 00003C (v01 VBOX   VBOXXSDT 00000001 ASL  00000061)
[    0.000000] ACPI: FACP 0x000000007FFF00F0 0000F4 (v04 VBOX   VBOXFACP 00000001 ASL  00000061)
[    0.000000] ACPI: DSDT 0x000000007FFF0470 0021FF (v02 VBOX   VBOXBIOS 00000002 INTL 20180105)
[    0.000000] ACPI: FACS 0x000000007FFF0200 000040
[    0.000000] ACPI: FACS 0x000000007FFF0200 000040
[    0.000000] ACPI: APIC 0x000000007FFF0240 00005C (v02 VBOX   VBOXAPIC 00000001 ASL  00000061)
[    0.000000] ACPI: SSDT 0x000000007FFF02A0 0001CC (v01 VBOX   VBOXCPUT 00000002 INTL 20180105)
[    0.000000] No NUMA configuration found
[    0.000000] Faking a node at [mem 0x0000000000000000-0x000000007ffeffff]
[    0.000000] NODE_DATA(0) allocated [mem 0x7ffc5000-0x7ffeffff]
[    0.000000] kvm-clock: cpu 0, msr 0:7ff44001, primary cpu clock
[    0.000000] kvm-clock: Using msrs 4b564d01 and 4b564d00
[    0.000000] kvm-clock: using sched offset of 3227244157 cycles
[    0.000000] clocksource: kvm-clock: mask: 0xffffffffffffffff max_cycles: 0x1cd42e4dffb, max_idle_ns: 881590591483 ns
[    0.000000] Zone ranges:
[    0.000000]   DMA      [mem 0x0000000000001000-0x0000000000ffffff]
[    0.000000]   DMA32    [mem 0x0000000001000000-0x000000007ffeffff]
[    0.000000]   Normal   empty
[    0.000000]   Device   empty
[    0.000000] Movable zone start for each node
[    0.000000] Early memory node ranges
[    0.000000]   node   0: [mem 0x0000000000001000-0x000000000009efff]
[    0.000000]   node   0: [mem 0x0000000000100000-0x000000007ffeffff]
[    0.000000] Reserved but unavailable: 114 pages
[    0.000000] Initmem setup node 0 [mem 0x0000000000001000-0x000000007ffeffff]
[    0.000000] ACPI: PM-Timer IO Port: 0x4008
[    0.000000] IOAPIC[0]: apic_id 2, version 32, address 0xfec00000, GSI 0-23
[    0.000000] ACPI: INT_SRC_OVR (bus 0 bus_irq 0 global_irq 2 dfl dfl)
[    0.000000] ACPI: INT_SRC_OVR (bus 0 bus_irq 9 global_irq 9 low level)
[    0.000000] Using ACPI (MADT) for SMP configuration information
[    0.000000] smpboot: Allowing 2 CPUs, 0 hotplug CPUs
[    0.000000] PM: Registered nosave memory: [mem 0x00000000-0x00000fff]
[    0.000000] PM: Registered nosave memory: [mem 0x0009f000-0x0009ffff]
[    0.000000] PM: Registered nosave memory: [mem 0x000a0000-0x000effff]
[    0.000000] PM: Registered nosave memory: [mem 0x000f0000-0x000fffff]
[    0.000000] e820: [mem 0x80000000-0xfebfffff] available for PCI devices
[    0.000000] Booting paravirtualized kernel on KVM
[    0.000000] clocksource: refined-jiffies: mask: 0xffffffff max_cycles: 0xffffffff, max_idle_ns: 7645519600211568 ns
[    0.000000] random: get_random_bytes called from start_kernel+0x99/0x4fd with crng_init=0
[    0.000000] setup_percpu: NR_CPUS:8192 nr_cpumask_bits:2 nr_cpu_ids:2 nr_node_ids:1
[    0.000000] percpu: Embedded 46 pages/cpu @        (ptrval) s151552 r8192 d28672 u1048576
[    0.000000] PV qspinlock hash table entries: 256 (order: 0, 4096 bytes)
[    0.000000] Built 1 zonelists, mobility grouping on.  Total pages: 515961
[    0.000000] Policy zone: DMA32
[    0.000000] Kernel command line: BOOT_IMAGE=/boot/vmlinuz-4.15.0-45-generic root=LABEL=cloudimg-rootfs ro console=tty1 console=ttyS0
[    0.000000] Memory: 2015800K/2096696K available (12300K kernel code, 2473K rwdata, 4252K rodata, 2408K init, 2416K bss, 80896K reserved, 0K cma-reserved)
[    0.000000] SLUB: HWalign=64, Order=0-3, MinObjects=0, CPUs=2, Nodes=1
[    0.000000] Kernel/User page tables isolation: enabled
[    0.000000] ftrace: allocating 39194 entries in 154 pages
[    0.004000] Hierarchical RCU implementation.
[    0.004000] 	RCU restricting CPUs from NR_CPUS=8192 to nr_cpu_ids=2.
[    0.004000] 	Tasks RCU enabled.
[    0.004000] RCU: Adjusting geometry for rcu_fanout_leaf=16, nr_cpu_ids=2
[    0.004000] NR_IRQS: 524544, nr_irqs: 440, preallocated irqs: 16
[    0.004000] Console: colour VGA+ 80x25
[    0.004000] console [tty1] enabled
[    0.004000] console [ttyS0] enabled
[    0.004000] ACPI: Core revision 20170831
[    0.004000] ACPI: 2 ACPI AML tables successfully acquired and loaded
[    0.004000] APIC: Switch to symmetric I/O mode setup
[    0.004000] x2apic enabled
[    0.004000] Switched APIC routing to physical x2apic.
[    0.004000] ..TIMER: vector=0x30 apic1=0 pin1=2 apic2=-1 pin2=-1
[    0.004000] tsc: Detected 1799.999 MHz processor
[    0.004010] Calibrating delay loop (skipped) preset value.. 3599.99 BogoMIPS (lpj=7199996)
[    0.008002] pid_max: default: 32768 minimum: 301
[    0.008698] Security Framework initialized
[    0.012002] Yama: becoming mindful.
[    0.012542] AppArmor: AppArmor initialized
[    0.014162] Dentry cache hash table entries: 262144 (order: 9, 2097152 bytes)
[    0.016045] Inode-cache hash table entries: 131072 (order: 8, 1048576 bytes)
[    0.017040] Mount-cache hash table entries: 4096 (order: 3, 32768 bytes)
[    0.017974] Mountpoint-cache hash table entries: 4096 (order: 3, 32768 bytes)
[    0.019183] mce: CPU supports 0 MCE banks
[    0.019836] Last level iTLB entries: 4KB 64, 2MB 8, 4MB 8
[    0.020002] Last level dTLB entries: 4KB 64, 2MB 0, 4MB 0, 1GB 4
[    0.020848] Spectre V2 : Mitigation: Full generic retpoline
[    0.021636] Spectre V2 : Spectre v2 / SpectreRSB mitigation: Filling RSB on context switch
[    0.022803] Speculative Store Bypass: Vulnerable
[    0.024118] Freeing SMP alternatives memory: 36K
[    0.028000] smpboot: CPU0: Intel 06/55 (family: 0x6, model: 0x55, stepping: 0x2)
[    0.028000] Performance Events: unsupported p6 CPU model 85 no PMU driver, software events only.
[    0.028031] Hierarchical SRCU implementation.
[    0.030108] NMI watchdog: Perf event create on CPU 0 failed with -2
[    0.030979] NMI watchdog: Perf NMI watchdog permanently disabled
[    0.032042] smp: Bringing up secondary CPUs ...
[    0.032771] x86: Booting SMP configuration:
[    0.033383] .... node  #0, CPUs:      #1
[    0.004000] kvm-clock: cpu 1, msr 0:7ff44041, secondary cpu clock
[    0.004000] mce: CPU supports 0 MCE banks
[    0.036027] smp: Brought up 1 node, 2 CPUs
[    0.036630] smpboot: Max logical packages: 1
[    0.037234] smpboot: Total of 2 processors activated (7199.99 BogoMIPS)
[    0.040075] devtmpfs: initialized
[    0.040573] x86/mm: Memory block size: 128MB
[    0.041413] evm: security.selinux
[    0.041969] evm: security.SMACK64
[    0.042476] evm: security.SMACK64EXEC
[    0.043108] evm: security.SMACK64TRANSMUTE
[    0.043731] evm: security.SMACK64MMAP
[    0.044002] evm: security.apparmor
[    0.044532] evm: security.ima
[    0.045007] evm: security.capability
[    0.046725] clocksource: jiffies: mask: 0xffffffff max_cycles: 0xffffffff, max_idle_ns: 7645041785100000 ns
[    0.048006] futex hash table entries: 512 (order: 3, 32768 bytes)
[    0.048894] pinctrl core: initialized pinctrl subsystem
[    0.049746] RTC time: 19:31:16, date: 02/26/19
[    0.050581] NET: Registered protocol family 16
[    0.051309] audit: initializing netlink subsys (disabled)
[    0.052025] audit: type=2000 audit(1551209481.156:1): state=initialized audit_enabled=0 res=1
[    0.052115] cpuidle: using governor ladder
[    0.052646] cpuidle: using governor menu
[    0.053262] ACPI: bus type PCI registered
[    0.053840] acpiphp: ACPI Hot Plug PCI Controller Driver version: 0.5
[    0.056081] PCI: Using configuration type 1 for base access
[    0.060036] HugeTLB registered 2.00 MiB page size, pre-allocated 0 pages
[    0.060992] ACPI: Added _OSI(Module Device)
[    0.060992] ACPI: Added _OSI(Processor Device)
[    0.061442] ACPI: Added _OSI(3.0 _SCP Extensions)
[    0.062126] ACPI: Added _OSI(Processor Aggregator Device)
[    0.064003] ACPI: Added _OSI(Linux-Dell-Video)
[    0.064701] ACPI: Added _OSI(Linux-Lenovo-NV-HDMI-Audio)
[    0.065454] ACPI: Added _OSI(Linux-HPI-Hybrid-Graphics)
[    0.066434] ACPI: Executed 1 blocks of module-level executable AML code
[    0.071408] ACPI: Interpreter enabled
[    0.072012] ACPI: (supports S0 S5)
[    0.072558] ACPI: Using IOAPIC for interrupt routing
[    0.073546] PCI: Using host bridge windows from ACPI; if necessary, use "pci=nocrs" and report a bug
[    0.075021] ACPI: Enabled 2 GPEs in block 00 to 07
[    0.081769] ACPI: PCI Root Bridge [PCI0] (domain 0000 [bus 00-ff])
[    0.083726] acpi PNP0A03:00: _OSC: OS supports [ASPM ClockPM Segments MSI]
[    0.084024] acpi PNP0A03:00: _OSC: not requesting OS control; OS requires [ExtendedConfig ASPM ClockPM MSI]
[    0.085414] acpi PNP0A03:00: fail to add MMCONFIG information, can't access extended PCI configuration space under this bridge.
[    0.087228] PCI host bridge to bus 0000:00
[    0.088003] pci_bus 0000:00: root bus resource [io  0x0000-0x0cf7 window]
[    0.090021] pci_bus 0000:00: root bus resource [io  0x0d00-0xffff window]
[    0.090935] pci_bus 0000:00: root bus resource [mem 0x000a0000-0x000bffff window]
[    0.092002] pci_bus 0000:00: root bus resource [mem 0x80000000-0xfdffffff window]
[    0.096002] pci_bus 0000:00: root bus resource [bus 00-ff]
[    0.101454] pci 0000:00:01.1: legacy IDE quirk: reg 0x10: [io  0x01f0-0x01f7]
[    0.102446] pci 0000:00:01.1: legacy IDE quirk: reg 0x14: [io  0x03f6]
[    0.103407] pci 0000:00:01.1: legacy IDE quirk: reg 0x18: [io  0x0170-0x0177]
[    0.104004] pci 0000:00:01.1: legacy IDE quirk: reg 0x1c: [io  0x0376]
[    0.125591] pci 0000:00:07.0: quirk: [io  0x4000-0x403f] claimed by PIIX4 ACPI
[    0.128012] pci 0000:00:07.0: quirk: [io  0x4100-0x410f] claimed by PIIX4 SMB
[    0.144851] ACPI: PCI Interrupt Link [LNKA] (IRQs 5 9 10 *11)
[    0.146045] ACPI: PCI Interrupt Link [LNKB] (IRQs 5 9 *10 11)
[    0.146994] ACPI: PCI Interrupt Link [LNKC] (IRQs 5 *9 10 11)
[    0.147934] ACPI: PCI Interrupt Link [LNKD] (IRQs 5 9 10 *11)
[    0.148397] SCSI subsystem initialized
[    0.149058] pci 0000:00:02.0: vgaarb: setting as boot VGA device
[    0.149058] pci 0000:00:02.0: vgaarb: VGA device added: decodes=io+mem,owns=io+mem,locks=none
[    0.152008] pci 0000:00:02.0: vgaarb: bridge control possible
[    0.152833] vgaarb: loaded
[    0.153303] ACPI: bus type USB registered
[    0.153919] usbcore: registered new interface driver usbfs
[    0.154695] usbcore: registered new interface driver hub
[    0.155474] usbcore: registered new device driver usb
[    0.156056] EDAC MC: Ver: 3.0.0
[    0.156684] PCI: Using ACPI for IRQ routing
[    0.156886] NetLabel: Initializing
[    0.157410] NetLabel:  domain hash size = 128
[    0.160006] NetLabel:  protocols = UNLABELED CIPSOv4 CALIPSO
[    0.160819] NetLabel:  unlabeled traffic allowed by default
[    0.161603] clocksource: Switched to clocksource kvm-clock
[    0.173553] VFS: Disk quotas dquot_6.6.0
[    0.174188] VFS: Dquot-cache hash table entries: 512 (order 0, 4096 bytes)
[    0.175224] AppArmor: AppArmor Filesystem Enabled
[    0.175908] pnp: PnP ACPI init
[    0.177198] pnp: PnP ACPI: found 3 devices
[    0.186137] clocksource: acpi_pm: mask: 0xffffff max_cycles: 0xffffff, max_idle_ns: 2085701024 ns
[    0.187409] NET: Registered protocol family 2
[    0.188240] TCP established hash table entries: 16384 (order: 5, 131072 bytes)
[    0.189273] TCP bind hash table entries: 16384 (order: 6, 262144 bytes)
[    0.191062] TCP: Hash tables configured (established 16384 bind 16384)
[    0.191988] UDP hash table entries: 1024 (order: 3, 32768 bytes)
[    0.192836] UDP-Lite hash table entries: 1024 (order: 3, 32768 bytes)
[    0.193755] NET: Registered protocol family 1
[    0.194390] pci 0000:00:00.0: Limiting direct PCI/PCI transfers
[    0.195212] pci 0000:00:01.0: Activating ISA DMA hang workarounds
[    0.196082] pci 0000:00:02.0: Video device with shadowed ROM at [mem 0x000c0000-0x000dffff]
[    0.197322] Unpacking initramfs...
[    0.485139] Freeing initrd memory: 18976K
[    0.485896] platform rtc_cmos: registered platform RTC device (no PNP device found)
[    0.488612] Scanning for low memory corruption every 60 seconds
[    0.490136] Initialise system trusted keyrings
[    0.490800] Key type blacklist registered
[    0.491520] workingset: timestamp_bits=36 max_order=19 bucket_order=0
[    0.493397] zbud: loaded
[    0.494257] squashfs: version 4.0 (2009/01/31) Phillip Lougher
[    0.495314] fuse init (API version 7.26)
[    0.497968] Key type asymmetric registered
[    0.498579] Asymmetric key parser 'x509' registered
[    0.499301] Block layer SCSI generic (bsg) driver version 0.4 loaded (major 246)
[    0.500436] io scheduler noop registered
[    0.501020] io scheduler deadline registered
[    0.501658] io scheduler cfq registered (default)
[    0.502598] ACPI: AC Adapter [AC] (on-line)
[    0.503243] input: Power Button as /devices/LNXSYSTM:00/LNXPWRBN:00/input/input0
[    0.504428] ACPI: Power Button [PWRF]
[    0.505025] input: Sleep Button as /devices/LNXSYSTM:00/LNXSLPBN:00/input/input1
[    0.506059] ACPI: Sleep Button [SLPF]
[    0.506965] Serial: 8250/16550 driver, 32 ports, IRQ sharing enabled
[    0.529543] 00:02: ttyS0 at I/O 0x3f8 (irq = 4, base_baud = 115200) is a 16550A
[    0.533036] Linux agpgart interface v0.103
[    0.535097] loop: module loaded
[    0.536102] scsi host0: ata_piix
[    0.536704] scsi host1: ata_piix
[    0.537222] ata1: PATA max UDMA/33 cmd 0x1f0 ctl 0x3f6 bmdma 0xd000 irq 14
[    0.538158] ata2: PATA max UDMA/33 cmd 0x170 ctl 0x376 bmdma 0xd008 irq 15
[    0.539166] libphy: Fixed MDIO Bus: probed
[    0.539797] tun: Universal TUN/TAP device driver, 1.6
[    0.540573] PPP generic driver version 2.4.2
[    0.541260] ehci_hcd: USB 2.0 'Enhanced' Host Controller (EHCI) Driver
[    0.542148] ehci-pci: EHCI PCI platform driver
[    0.542798] ehci-platform: EHCI generic platform driver
[    0.543563] ohci_hcd: USB 1.1 'Open' Host Controller (OHCI) Driver
[    0.544435] ohci-pci: OHCI PCI platform driver
[    0.545080] ohci-platform: OHCI generic platform driver
[    0.545815] uhci_hcd: USB Universal Host Controller Interface driver
[    0.546719] i8042: PNP: PS/2 Controller [PNP0303:PS2K,PNP0f03:PS2M] at 0x60,0x64 irq 1,12
[    0.548268] serio: i8042 KBD port at 0x60,0x64 irq 1
[    0.548982] serio: i8042 AUX port at 0x60,0x64 irq 12
[    0.549874] mousedev: PS/2 mouse device common for all mice
[    0.551203] input: AT Translated Set 2 keyboard as /devices/platform/i8042/serio0/input/input2
[    0.552464] rtc_cmos rtc_cmos: rtc core: registered rtc_cmos as rtc0
[    0.553407] rtc_cmos rtc_cmos: alarms up to one day, 114 bytes nvram
[    0.554276] i2c /dev entries driver
[    0.554804] pcie_mp2_amd: AMD(R) PCI-E MP2 Communication Driver Version: 1.0
[    0.555817] device-mapper: uevent: version 1.0.3
[    0.556564] device-mapper: ioctl: 4.37.0-ioctl (2017-09-20) initialised: dm-devel@redhat.com
[    0.557839] ledtrig-cpu: registered to indicate activity on CPUs
[    0.559137] NET: Registered protocol family 10
[    0.563065] Segment Routing with IPv6
[    0.581109] NET: Registered protocol family 17
[    0.581883] Key type dns_resolver registered
[    0.582756] RAS: Correctable Errors collector initialized.
[    0.583534] sched_clock: Marking stable (582672034, 0)->(1078802345, -496130311)
[    0.593949] registered taskstats version 1
[    0.594571] Loading compiled-in X.509 certificates
[    0.597346] Loaded X.509 cert 'Build time autogenerated kernel key: e3b8f44ffaaceef3e3a84cfaebd8e5a9acebeaad'
[    0.598706] zswap: loaded using pool lzo/zbud
[    0.602276] Key type big_key registered
[    0.602850] Key type trusted registered
[    0.604695] Key type encrypted registered
[    0.605290] AppArmor: AppArmor sha1 policy hashing enabled
[    0.606055] ima: No TPM chip found, activating TPM-bypass! (rc=-19)
[    0.606909] ima: Allocated hash algorithm: sha1
[    0.607575] evm: HMAC attrs: 0x1
[    0.608291]   Magic number: 7:423:547
[    0.608844] tty ttyS23: hash matches
[    0.609455] rtc_cmos rtc_cmos: setting system clock to 2019-02-26 19:31:17 UTC (1551209477)
[    0.610788] BIOS EDD facility v0.16 2004-Jun-25, 0 devices found
[    0.611609] EDD information not available.
[    0.699474] Freeing unused kernel memory: 2408K
[    0.872138] Write protecting the kernel read-only data: 20480k
[    0.881642] Freeing unused kernel memory: 2008K
[    0.886866] Freeing unused kernel memory: 1892K
[    0.894101] x86/mm: Checked W+X mappings: passed, no W+X pages found.
[    0.911655] x86/mm: Checking user space page tables
[    0.917851] x86/mm: Checked W+X mappings: passed, no W+X pages found.
Loading, please wait...
starting version 237
[    0.977657] e1000: Intel(R) PRO/1000 Network Driver - version 7.3.21-k8-NAPI
[    0.978689] e1000: Copyright (c) 1999-2006 Intel Corporation.
[    0.983541] Fusion MPT base driver 3.04.20
[    0.984238] Copyright (c) 1999-2008 LSI Corporation
[    0.994434] Fusion MPT SPI Host driver 3.04.20
[    1.007180] AVX2 version of gcm_enc/dec engaged.
[    1.007904] AES CTR mode by8 optimization enabled
[    1.194560] input: ImExPS/2 Generic Explorer Mouse as /devices/platform/i8042/serio1/input/input4
[    1.872093] tsc: Refined TSC clocksource calibration: 1799.863 MHz
[    2.052257] e1000 0000:00:03.0 eth0: (PCI:33MHz:32-bit) 02:db:17:3a:0e:c2
[    2.052261] e1000 0000:00:03.0 eth0: Intel(R) PRO/1000 Network Connection
[    2.053107] mptbase: ioc0: Initiating bringup
[    2.056659] clocksource: tsc: mask: 0xffffffffffffffff max_cycles: 0x19f1a827bb6, max_idle_ns: 440795235633 ns
[    2.148254] ioc0: LSI53C1030 A0: Capabilities={Initiator}
[    2.390481] scsi host2: ioc0: LSI53C1030 A0, FwRev=00000000h, Ports=1, MaxQ=256, IRQ=20
[    2.560564] scsi 2:0:0:0: Direct-Access     VBOX     HARDDISK         1.0  PQ: 0 ANSI: 5
[    3.484123] scsi target2:0:0: Beginning Domain Validation
[    4.092782] scsi target2:0:0: Domain Validation skipping write tests
[    4.283160] scsi target2:0:0: Ending Domain Validation
[    4.420349] e1000 0000:00:08.0 eth1: (PCI:33MHz:32-bit) 08:00:27:ee:a6:91
[    4.420352] e1000 0000:00:08.0 eth1: Intel(R) PRO/1000 Network Connection
[    4.499322] e1000 0000:00:08.0 enp0s8: renamed from eth1
[    4.500520] scsi target2:0:0: asynchronous
[    4.501466] scsi 2:0:1:0: Direct-Access     VBOX     HARDDISK         1.0  PQ: 0 ANSI: 5
[    4.552661] e1000 0000:00:03.0 enp0s3: renamed from eth0
[    4.560096] scsi target2:0:1: Beginning Domain Validation
[    4.562523] random: fast init done
[    4.563120] scsi target2:0:1: Domain Validation skipping write tests
[    4.563980] scsi target2:0:1: Ending Domain Validation
[    4.564762] scsi target2:0:1: asynchronous
[    4.567869] random: systemd-udevd: uninitialized urandom read (16 bytes read)
[    4.568064] sd 2:0:0:0: [sda] 20971520 512-byte logical blocks: (10.7 GB/10.0 GiB)
[    4.568095] sd 2:0:0:0: [sda] Write Protect is off
[    4.568155] sd 2:0:0:0: [sda] Incomplete mode parameter data
[    4.568156] sd 2:0:0:0: [sda] Assuming drive cache: write through
[    4.572097] sd 2:0:0:0: Attached scsi generic sg0 type 0
[    4.572503] sd 2:0:1:0: Attached scsi generic sg1 type 0
[    4.572702]  sda: sda1
[    4.572895] sd 2:0:1:0: [sdb] 20480 512-byte logical blocks: (10.5 MB/10.0 MiB)
[    4.572956] sd 2:0:1:0: [sdb] Write Protect is off
[    4.573039] sd 2:0:0:0: [sda] Attached SCSI disk
[    4.573049] sd 2:0:1:0: [sdb] Incomplete mode parameter data
[    4.573050] sd 2:0:1:0: [sdb] Assuming drive cache: write through
[    4.577417] sd 2:0:1:0: [sdb] Attached SCSI disk
[    4.584441] random: systemd-udevd: uninitialized urandom read (16 bytes read)
[    4.584548] random: systemd-udevd: uninitialized urandom read (16 bytes read)
Begin: Loading essential drivers ... [    6.010913] raid6: sse2x1   gen() 10570 MB/s
[    6.564357] raid6: sse2x1   xor()  5065 MB/s
[    7.081048] raid6: sse2x2   gen() 14075 MB/s
[    7.614813] raid6: sse2x2   xor()  8492 MB/s
[    7.738860] raid6: sse2x4   gen() 12562 MB/s
[    7.790996] raid6: sse2x4   xor()  9140 MB/s
[    7.836882] raid6: avx2x1   gen() 16964 MB/s
[    7.884391] raid6: avx2x1   xor() 14109 MB/s
[    7.934824] raid6: avx2x2   gen() 21888 MB/s
[    7.980996] raid6: avx2x2   xor() 15912 MB/s
[    8.031003] raid6: avx2x4   gen() 25509 MB/s
[    8.076035] raid6: avx2x4   xor() 15353 MB/s
[    8.076665] raid6: using algorithm avx2x4 gen() 25509 MB/s
[    8.077433] raid6: .... xor() 15353 MB/s, rmw enabled
[    8.078147] raid6: using avx2x2 recovery algorithm
[    8.080118] xor: automatically using best checksumming function   avx       
[    8.082369] async_tx: api initialized (async)
done.
Begin: Running /scripts/init-premount ... done.
Begin: Mounting root file system ... Begin: Running /scripts/local-top ... done.
Begin: Running /scripts/local-premount ... [    8.128290] Btrfs loaded, crc32c=crc32c-intel
Scanning for Btrfs filesystems
done.
Warning: fsck no[    8.156393] EXT4-fs (sda1): mounted filesystem with ordered data mode. Opts: (null)
t present, so skipping root file system
done.
Begin: Running /scripts/local-bottom ... done.
Begin: Running /scripts/init-bottom ... done.
[    8.919872] ip_tables: (C) 2000-2006 Netfilter Core Team
[    9.518789] systemd[1]: systemd 237 running in system mode. (+PAM +AUDIT +SELINUX +IMA +APPARMOR +SMACK +SYSVINIT +UTMP +LIBCRYPTSETUP +GCRYPT +GNUTLS +ACL +XZ +LZ4 +SECCOMP +BLKID +ELFUTILS +KMOD -IDN2 +IDN -PCRE2 default-hierarchy=hybrid)
[    9.904253] systemd[1]: Detected virtualization oracle.
[    9.907311] systemd[1]: Detected architecture x86-64.

Welcome to [1mUbuntu 18.04.2 LTS[0m!

[    9.914621] systemd[1]: Set hostname to <ubuntu>.
[    9.920504] systemd[1]: Initializing machine ID from random generator.
[    9.921682] systemd[1]: Installed transient /etc/machine-id file.
[   10.116661] systemd[1]: Created slice User and Session Slice.
[[0;32m  OK  [0m] Created slice User and Session Slice.
[   10.118448] systemd[1]: Set up automount Arbitrary Executable File Formats File System Automount Point.
[[0;32m  OK  [0m] Set up automount Arbitrary Executab…rmats File System Automount Point.
[   10.121156] systemd[1]: Created slice System Slice.
[[0;32m  OK  [0m] Created slice System Slice.
[   10.122618] systemd[1]: Listening on Journal Audit Socket.
[[0;32m  OK  [0m] Listening on Journal Audit Socket.
[[0;32m  OK  [0m] Created slice system-serial\x2dgetty.slice.
[[0;32m  OK  [0m] Listening on udev Kernel Socket.
[[0;32m  OK  [0m] Listening on Journal Socket.
         Starting Create list of required st…ce nodes for the current kernel...
         Mounting POSIX Message Queue File System...
[[0;32m  OK  [0m] Reached target Slices.
[[0;32m  OK  [0m] Listening on udev Control Socket.
         Starting Load Kernel Modules...
[[0;32m  OK  [0m] Listening on Journal Socket (/dev/log).
[[0;32m  OK  [0m] Listening on Network Service Netlink Socket.
[[0;32m  OK  [0m] Listening on LVM2 metadata daemon socket.
[[0;32m  OK  [0m] Listening on /dev/initctl Compatibility Named Pipe.
[[0;32m  OK  [0m] Listening on LVM2 poll daemon socket.
         Mounting Huge Pages File System...
[[0;32m  OK  [0m] Reached target User and Group Name Lookups.
[[0;32m  OK  [0m] Reached target Swap.
[[0;32m  OK  [0m] Listening on Device-mapper event daemon FIFOs.
         Starting Monitoring of LVM2 mirrors…ng dmeventd or progress polling...
         Starting Remount Root and Kernel File Systems...
         Starting udev Coldplug all Devices...
[[0;32m  OK  [0m] Started Forward Password Requests to Wall Directory Watch.
[[0;32m  OK  [0m] Reached target System Time Synchronized.
         Mounting Kernel Debug File System...
[[0;32m  OK  [0m] Listening on Syslog Socket.
         Starting Journal Service...
         Starting Uncomplicated firewall...
         Starting Set the console keyboard layout...
[[0;32m  OK  [0m] Started Create list of required sta…vice nodes for the current kernel.
         Starting Create Static Device Nodes in /dev...
[[0;32m  OK  [0m] Started Uncomplicated firewall.
[[0;32m  OK  [0m] Started udev Coldplug all Devices.
[   10.255723] Loading iSCSI transport class v2.0-870.
[[0;32m  OK  [0m] Started Journal Service.
[   10.262977] iscsi: registered transport (tcp)
[[0;32m  OK  [0m] Started Create Static Device Nodes in /dev.
[   10.329836] iscsi: registered transport (iser)
[[0;32m  OK  [0m] Started Load Kernel Modules.
         Mounting Kernel Configuration File System...
         Mounting FUSE Control File System...
         Starting Apply Kernel Variables...
[[0;32m  OK  [0m] Started Apply Kernel Variables.
[[0;32m  OK  [0m] Mounted POSIX Message Queue File System.
[[0;32m  OK  [0m] Mounted Huge Pages File System.
[[0;32m  OK  [0m] Mounted Kernel Debug File System.
[[0;32m  OK  [0m] Mounted Kernel Configuration File System.
[[0;32m  OK  [0m] Mounted FUSE Control File System.
[[0;32m  OK  [0m] Started LVM2 metadata daemon.
[[0;32m  OK  [0m] Started Remount Root and Kernel File Systems.
         Starting udev Kernel Device Manager...
         Starting Flush Journal to Persistent Storage...
         Starting Initial cloud-init job (pre-networking)...
         Starting Load/Save Random Seed...
[[0;32m  OK  [0m] Started Monitoring of LVM2 mirrors,…sing dmeventd or progress polling.
[[0;32m  OK  [0m] Started Set the console keyboard layout.
[[0;32m  OK  [0m] Reached target Local File Systems (Pre).
[[0;32m  OK  [0m] Reached target Local File Systems.
         Starting Tell Plymouth To Write Out Runtime Data...
         Starting AppArmor initialization...
         Starting Set console font and keymap...
         Starting ebtables ruleset management...
         Starting Commit a transient machine-id on disk...
[[0;32m  OK  [0m] Started Load/Save Random Seed.
[[0;32m  OK  [0m] Started udev Kernel Device Manager.
[[0;32m  OK  [0m] Started Dispatch Password Requests to Console Directory Watch.
[[0;32m  OK  [0m] Reached target Local Encrypted Volumes.
[[0;32m  OK  [0m] Started Tell Plymouth To Write Out Runtime Data.
[[0;32m  OK  [0m] Started Set console font and keymap.
[[0;32m  OK  [0m] Started Flush Journal to Persistent Storage.
         Starting Create Volatile Files and Directories...
[[0;32m  OK  [0m] Started Commit a transient machine-id on disk.
[[0;32m  OK  [0m] Started Create Volatile Files and Directories.
         Starting Update UTMP about System Boot/Shutdown...
[[0;32m  OK  [0m] Found device /dev/ttyS0.
[[0;32m  OK  [0m] Started Update UTMP about System Boot/Shutdown.
[[0;32m  OK  [0m] Started ebtables ruleset management.
[[0;32m  OK  [0m] Listening on Load/Save RF Kill Switch Status /dev/rfkill Watch.
[[0;32m  OK  [0m] Started AppArmor initialization.
[   12.139541] cloud-init[423]: Cloud-init v. 18.4-0ubuntu1~18.04.1 running 'init-local' at Tue, 26 Feb 2019 19:31:28 +0000. Up 11.74 seconds.
[[0;32m  OK  [0m] Started Initial cloud-init job (pre-networking).
[[0;32m  OK  [0m] Reached target Network (Pre).
         Starting Network Service...
[[0;32m  OK  [0m] Started Network Service.
         Starting Network Name Resolution...
         Starting Wait for Network to be Configured...
[[0;32m  OK  [0m] Started Network Name Resolution.
[[0;32m  OK  [0m] Reached target Network.
[[0;32m  OK  [0m] Reached target Host and Network Name Lookups.
[[0;32m  OK  [0m] Started Wait for Network to be Configured.
         Starting Initial cloud-init job (metadata service crawler)...
[   13.790120] cloud-init[647]: Cloud-init v. 18.4-0ubuntu1~18.04.1 running 'init' at Tue, 26 Feb 2019 19:31:30 +0000. Up 13.67 seconds.
[   13.808628] cloud-init[647]: ci-info: ++++++++++++++++++++++++++++++++++++++Net device info++++++++++++++++++++++++++++++++++++++
[   13.810170] cloud-init[647]: ci-info: +--------+-------+---------------------------+---------------+--------+-------------------+
[   13.811659] cloud-init[647]: ci-info: | Device |   Up  |          Address          |      Mask     | Scope  |     Hw-Address    |
[   13.813110] cloud-init[647]: ci-info: +--------+-------+---------------------------+---------------+--------+-------------------+
[   13.814523] cloud-init[647]: ci-info: | enp0s3 |  True |         10.0.2.15         | 255.255.255.0 | global | 02:db:17:3a:0e:c2 |
[   13.816503] cloud-init[647]: ci-info: | enp0s3 |  True | fe80::db:17ff:fe3a:ec2/64 |       .       |  link  | 02:db:17:3a:0e:c2 |
[   13.817731] cloud-init[647]: ci-info: | enp0s8 | False |             .             |       .       |   .    | 08:00:27:ee:a6:91 |
[   13.818888] cloud-init[647]: ci-info: |   lo   |  True |         127.0.0.1         |   255.0.0.0   |  host  |         .         |
[   13.820119] cloud-init[647]: ci-info: |   lo   |  True |          ::1/128          |       .       |  host  |         .         |
[   13.821319] cloud-init[647]: ci-info: +--------+-------+---------------------------+---------------+--------+-------------------+
[   13.847557] cloud-init[647]: ci-info: ++++++++++++++++++++++++++++Route IPv4 info+++++++++++++++++++++++++++++
[   13.848838] cloud-init[647]: ci-info: +-------+-------------+----------+-----------------+-----------+-------+
[   13.850125] cloud-init[647]: ci-info: | Route | Destination | Gateway  |     Genmask     | Interface | Flags |
[   13.852685] cloud-init[647]: ci-info: +-------+-------------+----------+-----------------+-----------+-------+
[   13.854032] cloud-init[647]: ci-info: |   0   |   0.0.0.0   | 10.0.2.2 |     0.0.0.0     |   enp0s3  |   UG  |
[   13.855362] cloud-init[647]: ci-info: |   1   |   10.0.2.0  | 0.0.0.0  |  255.255.255.0  |   enp0s3  |   U   |
[   13.856710] cloud-init[647]: ci-info: |   2   |   10.0.2.2  | 0.0.0.0  | 255.255.255.255 |   enp0s3  |   UH  |
[   13.858062] cloud-init[647]: ci-info: +-------+-------------+----------+-----------------+-----------+-------+
[   13.861017] cloud-init[647]: ci-info: +++++++++++++++++++Route IPv6 info+++++++++++++++++++
[   13.863116] cloud-init[647]: ci-info: +-------+-------------+---------+-----------+-------+
[   13.864091] cloud-init[647]: ci-info: | Route | Destination | Gateway | Interface | Flags |
[   13.865037] cloud-init[647]: ci-info: +-------+-------------+---------+-----------+-------+
[   13.866066] cloud-init[647]: ci-info: |   1   |  fe80::/64  |    ::   |   enp0s3  |   U   |
[   13.867077] cloud-init[647]: ci-info: |   3   |    local    |    ::   |   enp0s3  |   U   |
[   13.868085] cloud-init[647]: ci-info: |   4   |   ff00::/8  |    ::   |   enp0s3  |   U   |
[   13.869035] cloud-init[647]: ci-info: +-------+-------------+---------+-----------+-------+
[   14.446779] cloud-init[647]: Generating public/private rsa key pair.
[   14.447595] cloud-init[647]: Your identification has been saved in /etc/ssh/ssh_host_rsa_key.
[   14.448482] cloud-init[647]: Your public key has been saved in /etc/ssh/ssh_host_rsa_key.pub.
[   14.449329] cloud-init[647]: The key fingerprint is:
[   14.449874] cloud-init[647]: SHA256:6ck+NymZezidKbuo9DBrObOsat/d6/N6poh1x2QiD1Q root@ubuntu-bionic
[   14.450787] cloud-init[647]: The key's randomart image is:
[   14.460210] cloud-init[647]: +---[RSA 2048]----+
[   14.460781] cloud-init[647]: |         E       |
[   14.461317] cloud-init[647]: |        .        |
[   14.461841] cloud-init[647]: |       .         |
[   14.462370] cloud-init[647]: |      .  .       |
[   14.462899] cloud-init[647]: |       oS. o     |
[   14.463448] cloud-init[647]: |       o+.=      |
[   14.463985] cloud-init[647]: |    +. .+B *     |
[   14.467219] cloud-init[647]: | . o*=+o%.Xo     |
[   14.467850] cloud-init[647]: |o.o+=Boo*^Oo     |
[   14.468379] cloud-init[647]: +----[SHA256]-----+
[   14.468907] cloud-init[647]: Generating public/private dsa key pair.
[   14.469590] cloud-init[647]: Your identification has been saved in /etc/ssh/ssh_host_dsa_key.
[   14.470450] cloud-init[647]: Your public key has been saved in /etc/ssh/ssh_host_dsa_key.pub.
[   14.471329] cloud-init[647]: The key fingerprint is:
[   14.471893] cloud-init[647]: SHA256:alAiTC/DojMN0wtMXVKaUoIJ2Y1vaWNQHViXn7Y6AJs root@ubuntu-bionic
[   14.472822] cloud-init[647]: The key's randomart image is:
[   14.473440] cloud-init[647]: +---[DSA 1024]----+
[   14.474000] cloud-init[647]: |+*o*+*o...       |
[   14.474555] cloud-init[647]: |*=*o* ...        |
[   14.475091] cloud-init[647]: |=oB=o..  . .     |
[   14.475662] cloud-init[647]: |.*.=Oo    +      |
[   14.476200] cloud-init[647]: |+ o+.=  S. .     |
[   14.476739] cloud-init[647]: | o  E...  .      |
[   14.477265] cloud-init[647]: |      o. .       |
[   14.477784] cloud-init[647]: |     .  o        |
[   14.478310] cloud-init[647]: |         .       |
[   14.478845] cloud-init[647]: +----[SHA256]-----+
[   14.479377] cloud-init[647]: Generating public/private ecdsa key pair.
[   14.480102] cloud-init[647]: Your identification has been saved in /etc/ssh/ssh_host_ecdsa_key.
[   14.481009] cloud-init[647]: Your public key has been saved in /etc/ssh/ssh_host_ecdsa_key.pub.
[   14.481911] cloud-init[647]: The key fingerprint is:
[   14.482466] cloud-init[647]: SHA256:nZDZz8adUsLKMpZAVMGhAe05jy7OsmTHJcuXIY64+5s root@ubuntu-bionic
[   14.485500] cloud-init[647]: The key's randomart image is:
[   14.486082] cloud-init[647]: +---[ECDSA 256]---+
[   14.486622] cloud-init[647]: |    .++o+o       |
[   14.487178] cloud-init[647]: |     ..o.+ .     |
[   14.487723] cloud-init[647]: |     .o.+ . o .  |
[   14.488252] cloud-init[647]: |      +. = * + . |
[   14.488786] cloud-init[647]: |    o o+S = * o  |
[   14.489302] cloud-init[647]: | . = =.+.o . .   |
[   14.489833] cloud-init[647]: |. + *.o          |
[   14.490370] cloud-init[647]: | +.+...          |
[   14.490881] cloud-init[647]: |ooE=o.           |
[   14.491493] cloud-init[647]: +----[SHA256]-----+
[   14.492005] cloud-init[647]: Generating public/private ed25519 key pair.
[   14.492726] cloud-init[647]: Your identification has been saved in /etc/ssh/ssh_host_ed25519_key.
[   14.493621] cloud-init[647]: Your public key has been saved in /etc/ssh/ssh_host_ed25519_key.pub.
[   14.494493] cloud-init[647]: The key fingerprint is:
[   14.495043] cloud-init[647]: SHA256:soD1WKI1i+eh9YQJuYPbj6irKwNg1ZMxduufTwnkl0o root@ubuntu-bionic
[   14.499089] cloud-init[647]: The key's randomart image is:
[   14.499719] cloud-init[647]: +--[ED25519 256]--+
[   14.500250] cloud-init[647]: |    .+o.         |
[   14.500760] cloud-init[647]: |   o.+o .        |
[   14.501250] cloud-init[647]: |  + = o. .       |
[   14.501783] cloud-init[647]: |.o O X. o   .    |
[   14.502281] cloud-init[647]: |+ * X +.SE o     |
[   14.502786] cloud-init[647]: |.o * = oo = .    |
[   14.503326] cloud-init[647]: |o o . o  + o     |
[   14.503827] cloud-init[647]: |o. o      o      |
[   14.504356] cloud-init[647]: |X+. .      .     |
[   14.504856] cloud-init[647]: +----[SHA256]-----+
[[0;32m  OK  [0m] Started Initial cloud-init job (metadata service crawler).
[[0;32m  OK  [0m] Reached target Network is Online.
[[0;32m  OK  [0m] Reached target Remote File Systems (Pre).
[[0;32m  OK  [0m] Reached target Remote File Systems.
         Starting Availability of block devices...
[[0;32m  OK  [0m] Reached target System Initialization.
         Starting LXD - unix socket.
[[0;32m  OK  [0m] Started Message of the Day.
[[0;32m  OK  [0m] Listening on Open-iSCSI iscsid Socket.
[[0;32m  OK  [0m] Listening on UUID daemon activation socket.
[[0;32m  OK  [0m] Started ACPI Events Check.
[[0;32m  OK  [0m] Reached target Paths.
[[0;32m  OK  [0m] Started Daily Cleanup of Temporary Directories.
         Starting Socket activation for snappy daemon.
[[0;32m  OK  [0m] Started Discard unused blocks once a week.
[[0;32m  OK  [0m] Started Daily apt download activities.
[[0;32m  OK  [0m] Started Daily apt upgrade and clean activities.
[[0;32m  OK  [0m] Reached target Timers.
[[0;32m  OK  [0m] Listening on D-Bus System Message Bus Socket.
[[0;32m  OK  [0m] Listening on ACPID Listen Socket.
[[0;32m  OK  [0m] Reached target Cloud-config availability.
[[0;32m  OK  [0m] Started Availability of block devices.
[[0;32m  OK  [0m] Listening on LXD - unix socket.
[[0;32m  OK  [0m] Listening on Socket activation for snappy daemon.
[[0;32m  OK  [0m] Reached target Sockets.
[[0;32m  OK  [0m] Reached target Basic System.
         Starting LSB: Record successful boot for GRUB...
[[0;32m  OK  [0m] Started irqbalance daemon.
[[0;32m  OK  [0m] Started D-Bus System Message Bus.
         Starting System Logging Service...
[[0;32m  OK  [0m] Started Deferred execution scheduler.
         Starting Snappy daemon...
         Starting Permit User Sessions...
         Starting Login Service...
[[0;32m  OK  [0m] Started Regular background program processing daemon.
         Starting LSB: automatic crash report generation...
[[0;32m  OK  [0m] Started FUSE filesystem for LXC.
         Starting Pollinate to seed the pseudo random number generator...
         Starting Virtualbox guest utils...
         Starting Accounts Service...
         Starting Dispatcher daemon for systemd-networkd...
         Starting LXD - container startup/shutdown...
[[0;32m  OK  [0m] Started System Logging Service.
[[0;32m  OK  [0m] Started Permit User Sessions.
[[0;32m  OK  [0m] Started Login Service.
[[0;32m  OK  [0m] Started Unattended Upgrades Shutdown.
         Starting Hold until boot process finishes up...
         Starting Terminate Plymouth Boot Screen...
[[0;32m  OK  [0m] Started Hold until boot process finishes up.
         Starting Set console scheme...
[[0;32m  OK  [0m] Started Serial Getty on ttyS0.
[[0;32m  OK  [0m] Started Terminate Plymouth Boot Screen.
[[0;32m  OK  [0m] Started LSB: automatic crash report generation.
[[0;32m  OK  [0m] Started Set console scheme.
[[0;32m  OK  [0m] Created slice system-getty.slice.
[[0;32m  OK  [0m] Started Getty on tty1.
[[0;32m  OK  [0m] Reached target Login Prompts.
         Starting Authorization Manager...
[[0;32m  OK  [0m] Started LSB: Record successful boot for GRUB.
[[0;32m  OK  [0m] Started Virtualbox guest utils.
[[0;32m  OK  [0m] Started Authorization Manager.
[[0;32m  OK  [0m] Started Accounts Service.
[[0;32m  OK  [0m] Started LXD - container startup/shutdown.
[[0;32m  OK  [0m] Started Dispatcher daemon for systemd-networkd.
[[0;32m  OK  [0m] Started Snappy daemon.
         Starting Wait until snapd is fully seeded...
[[0;32m  OK  [0m] Started Pollinate to seed the pseudo random number generator.
         Starting OpenBSD Secure Shell server...
[[0;32m  OK  [0m] Started OpenBSD Secure Shell server.
[[0;32m  OK  [0m] Created slice User Slice of vagrant.
         Starting User Manager for UID 1000...
[[0;32m  OK  [0m] Started Session 1 of user vagrant.
[[0;32m  OK  [0m] Started User Manager for UID 1000.
[[0;32m  OK  [0m] Started Wait until snapd is fully seeded.
         Starting Apply the settings specified in cloud-config...
[[0;32m  OK  [0m] Reached target Multi-User System.
[[0;32m  OK  [0m] Reached target Graphical Interface.
         Starting Update UTMP about System Runlevel Changes...
[[0;32m  OK  [0m] Started Update UTMP about System Runlevel Changes.
[   20.299523] cloud-init[1301]: Cloud-init v. 18.4-0ubuntu1~18.04.1 running 'modules:config' at Tue, 26 Feb 2019 19:31:36 +0000. Up 19.93 seconds.
ci-info: no authorized ssh keys fingerprints found for user ubuntu.
<14>Feb 26 19:31:37 ec2: 
<14>Feb 26 19:31:37 ec2: #############################################################
<14>Feb 26 19:31:37 ec2: -----BEGIN SSH HOST KEY FINGERPRINTS-----
<14>Feb 26 19:31:37 ec2: 1024 SHA256:alAiTC/DojMN0wtMXVKaUoIJ2Y1vaWNQHViXn7Y6AJs root@ubuntu-bionic (DSA)
<14>Feb 26 19:31:37 ec2: 256 SHA256:nZDZz8adUsLKMpZAVMGhAe05jy7OsmTHJcuXIY64+5s root@ubuntu-bionic (ECDSA)
<14>Feb 26 19:31:37 ec2: 256 SHA256:soD1WKI1i+eh9YQJuYPbj6irKwNg1ZMxduufTwnkl0o root@ubuntu-bionic (ED25519)
<14>Feb 26 19:31:37 ec2: 2048 SHA256:6ck+NymZezidKbuo9DBrObOsat/d6/N6poh1x2QiD1Q root@ubuntu-bionic (RSA)
<14>Feb 26 19:31:37 ec2: -----END SSH HOST KEY FINGERPRINTS-----
<14>Feb 26 19:31:37 ec2: #############################################################
-----BEGIN SSH HOST KEY KEYS-----
ecdsa-sha2-nistp256 AAAAE2VjZHNhLXNoYTItbmlzdHAyNTYAAAAIbmlzdHAyNTYAAABBBDQ2/mBx+KpjeslH9/e3rKOzLhkLMb7cRQMjXP1ZJE1FvvHfqJiutVD/n4jfYB8YK1brPfSTB8Fu2VXOuZ/wdNw= root@ubuntu-bionic
ssh-ed25519 AAAAC3NzaC1lZDI1NTE5AAAAIPRdT/gJLBtVBEiZlht1fy+mtVdYPg4xx6eX7VDbZij2 root@ubuntu-bionic
ssh-rsa AAAAB3NzaC1yc2EAAAADAQABAAABAQCxalyO+vfCWe4XeF8VoSf6n7B6yGe/EVx89nwPoZ95i+AS8yT3bFOk0sVgpWezroN3VIt8dHma1C9TROVq4put5kFTt1AMCw4ezsrLQ7ViKj2Z6zzYYqCXKJx8a5mTeahvEV/+66hsfwe9IZx9AR4LINezvQWmXFZnYd/wiU1xN6eJQPFjf9VVq+h+mC0cN4P3OKntAp+yMrP00GpHDn/rQDtpwO2fcF2qjVtj/qM7sWPO8aGGmioCsLX3Th5qKD0Gufv596cRyBb/KrXoTCo+I3DgfhC8gOorsbc49/+A/JVxBvuZyrZs6dDmBC2T+cHHUXkt6vYnxvVNEoJnlTXt root@ubuntu-bionic
-----END SSH HOST KEY KEYS-----
[   20.811604] cloud-init[1389]: Cloud-init v. 18.4-0ubuntu1~18.04.1 running 'modules:final' at Tue, 26 Feb 2019 19:31:37 +0000. Up 20.68 seconds.
[   20.813446] cloud-init[1389]: ci-info: no authorized ssh keys fingerprints found for user ubuntu.
[   20.814688] cloud-init[1389]: Cloud-init v. 18.4-0ubuntu1~18.04.1 finished at Tue, 26 Feb 2019 19:31:37 +0000. Datasource DataSourceNoCloud [seed=/dev/sdb][dsmode=net].  Up 20.80 seconds

Ubuntu 18.04.2 LTS ubuntu-bionic ttyS0

ubuntu-bionic login: 